Flow report for spec
Wed Feb 25 12:06:20 2015
Quartus II 64-Bit Version 13.0.1 Build 232 06/12/2013 Service Pack 1 SJ Web Edition


---------------------
; Table of Contents ;
---------------------
  1. Legal Notice
  2. Flow Summary
  3. Flow Settings
  4. Flow Non-Default Global Settings
  5. Flow Elapsed Time
  6. Flow OS Summary
  7. Flow Log
  8. Flow Messages
  9. Flow Suppressed Messages



----------------
; Legal Notice ;
----------------
Copyright (C) 1991-2013 Altera Corporation
Your use of Altera Corporation's design tools, logic functions 
and other software and tools, and its AMPP partner logic 
functions, and any output files from any of the foregoing 
(including device programming or simulation files), and any 
associated documentation or information are expressly subject 
to the terms and conditions of the Altera Program License 
Subscription Agreement, Altera MegaCore Function License 
Agreement, or other applicable license agreement, including, 
without limitation, that your use is for the sole purpose of 
programming logic devices manufactured by Altera and sold by 
Altera or its authorized distributors.  Please refer to the 
applicable agreement for further details.



+--------------------------------------------------------------------------------------+
; Flow Summary                                                                         ;
+------------------------------------+-------------------------------------------------+
; Flow Status                        ; Successful - Wed Feb 25 12:05:32 2015           ;
; Quartus II 64-Bit Version          ; 13.0.1 Build 232 06/12/2013 SP 1 SJ Web Edition ;
; Revision Name                      ; spec                                            ;
; Top-level Entity Name              ; spec_top                                        ;
; Family                             ; Cyclone IV E                                    ;
; Device                             ; EP4CE6E22C8                                     ;
; Timing Models                      ; Final                                           ;
; Total logic elements               ; 1,966 / 6,272 ( 31 % )                          ;
;     Total combinational functions  ; 1,863 / 6,272 ( 30 % )                          ;
;     Dedicated logic registers      ; 606 / 6,272 ( 10 % )                            ;
; Total registers                    ; 606                                             ;
; Total pins                         ; 68 / 92 ( 74 % )                                ;
; Total virtual pins                 ; 0                                               ;
; Total memory bits                  ; 47,208 / 276,480 ( 17 % )                       ;
; Embedded Multiplier 9-bit elements ; 0 / 30 ( 0 % )                                  ;
; Total PLLs                         ; 2 / 2 ( 100 % )                                 ;
+------------------------------------+-------------------------------------------------+


+-----------------------------------------+
; Flow Settings                           ;
+-------------------+---------------------+
; Option            ; Setting             ;
+-------------------+---------------------+
; Start date & time ; 02/25/2015 12:01:11 ;
; Main task         ; Compilation         ;
; Revision Name     ; spec                ;
+-------------------+---------------------+


+---------------------------------------------------------------------------------------------------------------------------------------------------------------+
; Flow Non-Default Global Settings                                                                                                                              ;
+-------------------------------------+------------------------------------------------------------------------------+---------------+-------------+------------+
; Assignment Name                     ; Value                                                                        ; Default Value ; Entity Name ; Section Id ;
+-------------------------------------+------------------------------------------------------------------------------+---------------+-------------+------------+
; ALLOW_POWER_UP_DONT_CARE            ; Off                                                                          ; On            ; --          ; --         ;
; COMPILER_SIGNATURE_ID               ; 8796757802087.142485847006663                                                ; --            ; --          ; --         ;
; ENABLE_SIGNALTAP                    ; Off                                                                          ; --            ; --          ; --         ;
; IP_TOOL_NAME                        ; ALTPLL                                                                       ; --            ; --          ; --         ;
; IP_TOOL_NAME                        ; ALTPLL                                                                       ; --            ; --          ; --         ;
; IP_TOOL_NAME                        ; ROM: 1-PORT                                                                  ; --            ; --          ; --         ;
; IP_TOOL_VERSION                     ; 13.0                                                                         ; --            ; --          ; --         ;
; IP_TOOL_VERSION                     ; 13.0                                                                         ; --            ; --          ; --         ;
; IP_TOOL_VERSION                     ; 13.0                                                                         ; --            ; --          ; --         ;
; MAX_CORE_JUNCTION_TEMP              ; 85                                                                           ; --            ; --          ; --         ;
; MIN_CORE_JUNCTION_TEMP              ; 0                                                                            ; --            ; --          ; --         ;
; MISC_FILE                           ; src/pll/altpll1.ppf                                                          ; --            ; --          ; --         ;
; MISC_FILE                           ; src/pll/altpll0.ppf                                                          ; --            ; --          ; --         ;
; PARTITION_COLOR                     ; 16764057                                                                     ; --            ; spec_top    ; Top        ;
; PARTITION_FITTER_PRESERVATION_LEVEL ; PLACEMENT_AND_ROUTING                                                        ; --            ; spec_top    ; Top        ;
; PARTITION_NETLIST_TYPE              ; SOURCE                                                                       ; --            ; spec_top    ; Top        ;
; POWER_BOARD_THERMAL_MODEL           ; None (CONSERVATIVE)                                                          ; --            ; --          ; --         ;
; POWER_PRESET_COOLING_SOLUTION       ; 23 MM HEAT SINK WITH 200 LFPM AIRFLOW                                        ; --            ; --          ; --         ;
; SLD_FILE                            ; e:/Emulator/DE1/Spec/xsdF0_3cpuFullSDRAMi2s_4bytes333/stp1_auto_stripped.stp ; --            ; --          ; --         ;
; SYNTH_TIMING_DRIVEN_SYNTHESIS       ; Off                                                                          ; On            ; --          ; --         ;
; TOP_LEVEL_ENTITY                    ; spec_top                                                                     ; spec          ; --          ; --         ;
; USER_LIBRARIES                      ; C:/altera/megacore/line_buffer_compiler-v1.0.0/lib;                          ; --            ; --          ; --         ;
; USE_SIGNALTAP_FILE                  ; stp1.stp                                                                     ; --            ; --          ; --         ;
+-------------------------------------+------------------------------------------------------------------------------+---------------+-------------+------------+


+-------------------------------------------------------------------------------------------------------------------------------+
; Flow Elapsed Time                                                                                                             ;
+---------------------------+--------------+-------------------------+---------------------+------------------------------------+
; Module Name               ; Elapsed Time ; Average Processors Used ; Peak Virtual Memory ; Total CPU Time (on all processors) ;
+---------------------------+--------------+-------------------------+---------------------+------------------------------------+
; Analysis & Synthesis      ; 00:01:14     ; 1.0                     ; 678 MB              ; 00:00:48                           ;
; Fitter                    ; 00:02:20     ; 1.0                     ; 778 MB              ; 00:01:45                           ;
; Assembler                 ; 00:00:12     ; 1.0                     ; 540 MB              ; 00:00:08                           ;
; TimeQuest Timing Analyzer ; 00:00:38     ; 1.0                     ; 600 MB              ; 00:00:24                           ;
; Total                     ; 00:04:24     ; --                      ; --                  ; 00:03:05                           ;
+---------------------------+--------------+-------------------------+---------------------+------------------------------------+


+-----------------------------------------------------------------------------------------+
; Flow OS Summary                                                                         ;
+---------------------------+------------------+------------+------------+----------------+
; Module Name               ; Machine Hostname ; OS Name    ; OS Version ; Processor type ;
+---------------------------+------------------+------------+------------+----------------+
; Analysis & Synthesis      ; andy-mint        ; Linux Mint ; 17         ; x86_64         ;
; Fitter                    ; andy-mint        ; Linux Mint ; 17         ; x86_64         ;
; Assembler                 ; andy-mint        ; Linux Mint ; 17         ; x86_64         ;
; TimeQuest Timing Analyzer ; andy-mint        ; Linux Mint ; 17         ; x86_64         ;
+---------------------------+------------------+------------+------------+----------------+


------------
; Flow Log ;
------------
quartus_map --read_settings_files=on --write_settings_files=off spec -c spec
quartus_fit --read_settings_files=off --write_settings_files=off spec -c spec
quartus_asm --read_settings_files=off --write_settings_files=off spec -c spec
quartus_sta spec -c spec



